# JRE version: OpenJDK Runtime Environment (21.0.10) (build 21.0.10+-14961533-b1163.108)
# Java VM: OpenJDK 64-Bit Server VM (21.0.10+-14961533-b1163.108, mixed mode, tiered, compressed oops, compressed class ptrs, g1 gc, windows-amd64)
GC Precious Log:
 CardTable entry size: 512
 Card Set container configuration: InlinePtr #cards 5 size 8 Array Of Cards #cards 12 size 40 Howl #buckets 4 coarsen threshold 1843 Howl Bitmap #cards 512 size 80 coarsen threshold 460 Card regions per heap region 1 cards per card region 2048
 CPUs: 12 total, 12 available
 Memory: 15697M
 Large Page Support: Disabled
 NUMA Support: Disabled
 Compressed Oops: Enabled (32-bit)
 Heap Region Size: 1M
 Heap Min Capacity: 8M
 Heap Initial Capacity: 246M
 Heap Max Capacity: 2G
 Pre-touch: Disabled
 Parallel Workers: 10
 Concurrent Workers: 3
 Concurrent Refinement Workers: 10
 Periodic GC: Disabled
Heap:
 garbage-first heap   total 131072K, used 116229K [0x0000000080000000, 0x0000000100000000)
  region size 1024K, 45 young (46080K), 7 survivors (7168K)
 Metaspace       used 81823K, committed 83840K, reserved 1179648K
  class space    used 11496K, committed 12480K, reserved 1048576K
GC Heap History (20 events):
Event: 15.447 GC heap before
{Heap before GC invocations=28 (full 0):
 garbage-first heap   total 119808K, used 107875K [0x0000000080000000, 0x0000000100000000)
  region size 1024K, 52 young (53248K), 4 survivors (4096K)
 Metaspace       used 78529K, committed 80448K, reserved 1179648K
  class space    used 11084K, committed 12032K, reserved 1048576K
}
Event: 15.451 GC heap after
{Heap after GC invocations=29 (full 0):
 garbage-first heap   total 119808K, used 60310K [0x0000000080000000, 0x0000000100000000)
  region size 1024K, 4 young (4096K), 4 survivors (4096K)
 Metaspace       used 78529K, committed 80448K, reserved 1179648K
  class space    used 11084K, committed 12032K, reserved 1048576K
}
Event: 16.639 GC heap before
{Heap before GC invocations=29 (full 0):
 garbage-first heap   total 119808K, used 109462K [0x0000000080000000, 0x0000000100000000)
  region size 1024K, 52 young (53248K), 4 survivors (4096K)
 Metaspace       used 78567K, committed 80512K, reserved 1179648K
  class space    used 11084K, committed 12032K, reserved 1048576K
}
Event: 16.645 GC heap after
{Heap after GC invocations=30 (full 0):
 garbage-first heap   total 119808K, used 60161K [0x0000000080000000, 0x0000000100000000)
  region size 1024K, 5 young (5120K), 5 survivors (5120K)
 Metaspace       used 78567K, committed 80512K, reserved 1179648K
  class space    used 11084K, committed 12032K, reserved 1048576K
}
Event: 17.456 GC heap before
{Heap before GC invocations=30 (full 0):
 garbage-first heap   total 119808K, used 108289K [0x0000000080000000, 0x0000000100000000)
  region size 1024K, 53 young (54272K), 5 survivors (5120K)
 Metaspace       used 78572K, committed 80512K, reserved 1179648K
  class space    used 11084K, committed 12032K, reserved 1048576K
}
Event: 17.461 GC heap after
{Heap after GC invocations=31 (full 0):
 garbage-first heap   total 119808K, used 60705K [0x0000000080000000, 0x0000000100000000)
  region size 1024K, 4 young (4096K), 4 survivors (4096K)
 Metaspace       used 78572K, committed 80512K, reserved 1179648K
  class space    used 11084K, committed 12032K, reserved 1048576K
}
Event: 18.331 GC heap before
{Heap before GC invocations=32 (full 0):
 garbage-first heap   total 119808K, used 109857K [0x0000000080000000, 0x0000000100000000)
  region size 1024K, 52 young (53248K), 4 survivors (4096K)
 Metaspace       used 78597K, committed 80576K, reserved 1179648K
  class space    used 11084K, committed 12032K, reserved 1048576K
}
Event: 18.336 GC heap after
{Heap after GC invocations=33 (full 0):
 garbage-first heap   total 119808K, used 61014K [0x0000000080000000, 0x0000000100000000)
  region size 1024K, 4 young (4096K), 4 survivors (4096K)
 Metaspace       used 78597K, committed 80576K, reserved 1179648K
  class space    used 11084K, committed 12032K, reserved 1048576K
}
Event: 19.471 GC heap before
{Heap before GC invocations=33 (full 0):
 garbage-first heap   total 119808K, used 111190K [0x0000000080000000, 0x0000000100000000)
  region size 1024K, 53 young (54272K), 4 survivors (4096K)
 Metaspace       used 78602K, committed 80576K, reserved 1179648K
  class space    used 11084K, committed 12032K, reserved 1048576K
}
Event: 19.476 GC heap after
{Heap after GC invocations=34 (full 0):
 garbage-first heap   total 119808K, used 61118K [0x0000000080000000, 0x0000000100000000)
  region size 1024K, 5 young (5120K), 5 survivors (5120K)
 Metaspace       used 78602K, committed 80576K, reserved 1179648K
  class space    used 11084K, committed 12032K, reserved 1048576K
}
Event: 20.651 GC heap before
{Heap before GC invocations=34 (full 0):
 garbage-first heap   total 119808K, used 110270K [0x0000000080000000, 0x0000000100000000)
  region size 1024K, 53 young (54272K), 5 survivors (5120K)
 Metaspace       used 78607K, committed 80576K, reserved 1179648K
  class space    used 11084K, committed 12032K, reserved 1048576K
}
Event: 20.655 GC heap after
{Heap after GC invocations=35 (full 0):
 garbage-first heap   total 119808K, used 61361K [0x0000000080000000, 0x0000000100000000)
  region size 1024K, 4 young (4096K), 4 survivors (4096K)
 Metaspace       used 78607K, committed 80576K, reserved 1179648K
  class space    used 11084K, committed 12032K, reserved 1048576K
}
Event: 22.387 GC heap before
{Heap before GC invocations=36 (full 0):
 garbage-first heap   total 119808K, used 111537K [0x0000000080000000, 0x0000000100000000)
  region size 1024K, 53 young (54272K), 4 survivors (4096K)
 Metaspace       used 78608K, committed 80576K, reserved 1179648K
  class space    used 11084K, committed 12032K, reserved 1048576K
}
Event: 22.394 GC heap after
{Heap after GC invocations=37 (full 0):
 garbage-first heap   total 119808K, used 61748K [0x0000000080000000, 0x0000000100000000)
  region size 1024K, 4 young (4096K), 4 survivors (4096K)
 Metaspace       used 78608K, committed 80576K, reserved 1179648K
  class space    used 11084K, committed 12032K, reserved 1048576K
}
Event: 22.583 GC heap before
{Heap before GC invocations=37 (full 0):
 garbage-first heap   total 119808K, used 109876K [0x0000000080000000, 0x0000000100000000)
  region size 1024K, 52 young (53248K), 4 survivors (4096K)
 Metaspace       used 78615K, committed 80576K, reserved 1179648K
  class space    used 11085K, committed 12032K, reserved 1048576K
}
Event: 22.588 GC heap after
{Heap after GC invocations=38 (full 0):
 garbage-first heap   total 119808K, used 61448K [0x0000000080000000, 0x0000000100000000)
  region size 1024K, 5 young (5120K), 5 survivors (5120K)
 Metaspace       used 78615K, committed 80576K, reserved 1179648K
  class space    used 11085K, committed 12032K, reserved 1048576K
}
Event: 22.981 GC heap before
{Heap before GC invocations=38 (full 0):
 garbage-first heap   total 119808K, used 110600K [0x0000000080000000, 0x0000000100000000)
  region size 1024K, 53 young (54272K), 5 survivors (5120K)
 Metaspace       used 78618K, committed 80576K, reserved 1179648K
  class space    used 11085K, committed 12032K, reserved 1048576K
}
Event: 22.986 GC heap after
{Heap after GC invocations=39 (full 0):
 garbage-first heap   total 119808K, used 61877K [0x0000000080000000, 0x0000000100000000)
  region size 1024K, 5 young (5120K), 5 survivors (5120K)
 Metaspace       used 78618K, committed 80576K, reserved 1179648K
  class space    used 11085K, committed 12032K, reserved 1048576K
}
Event: 24.255 GC heap before
{Heap before GC invocations=40 (full 0):
 garbage-first heap   total 119808K, used 117173K [0x0000000080000000, 0x0000000100000000)
  region size 1024K, 50 young (51200K), 5 survivors (5120K)
 Metaspace       used 79301K, committed 81280K, reserved 1179648K
  class space    used 11164K, committed 12096K, reserved 1048576K
}
Event: 24.263 GC heap after
{Heap after GC invocations=41 (full 0):
 garbage-first heap   total 131072K, used 78341K [0x0000000080000000, 0x0000000100000000)
  region size 1024K, 7 young (7168K), 7 survivors (7168K)
 Metaspace       used 79301K, committed 81280K, reserved 1179648K
  class space    used 11164K, committed 12096K, reserved 1048576K
}

